[16:38:16] Stage 01 starting
[16:38:16] Config: formula_enrichment=true, code_enrichment=false, ocr=false, dpi=200
[16:38:16] Loading Docling
[16:38:16] Loading complete (0.0s)
[16:38:16] Parsing Mishmast Nehi et al. - 2020 - Solving methods for interval linear programming problem a review and an improved method.pdf
[16:40:12] HTTP Request: GET https://huggingface.co/api/models/docling-project/docling-layout-heron/revision/main "HTTP/1.1 200 OK"
[16:40:14] HTTP Request: GET https://huggingface.co/api/models/docling-project/docling-models/revision/v2.3.0 "HTTP/1.1 200 OK"
[16:40:20] HTTP Request: GET https://huggingface.co/api/models/docling-project/CodeFormulaV2/revision/main "HTTP/1.1 200 OK"
[18:39:15] Parse complete (7259.0s)
[18:39:15] Rasterizing pages at 200 DPI
[18:39:17] Rasterization complete (1.6s) — wrote 25 PNGs
[18:39:17] Stage 01 done (7260.7s total)
[18:39:20] Stage 02 starting
[18:39:20] Walking Docling AST
[18:39:20] Cropped 30 figures
[18:39:21] Cropped 37 equations
[18:39:22] Wrote 37 equations, 30 figures, 2 tables, 21 references
[18:39:22] Wrote paper.md (74.7 KB)
[18:39:22] Stage 02 done (1.9s total)
[18:39:22] Stage 03 starting
[18:39:22] Wrote context-packet.json (56.0 KB)
[18:39:22] Wrote MANIFEST.md
[18:39:22] Wrote quality-report.json
[18:39:22] Stage 03 done (0.0s total)
