[17:45:51] Stage 01 starting
[17:45:51] Config: formula_enrichment=false, code_enrichment=false, ocr=false, dpi=200
[17:45:51] Loading Docling
[17:45:51] Loading complete (0.0s)
[17:45:51] Parsing Foffano et al. - 2023 - Conformal Off-Policy Evaluation in Markov Decision Processes.pdf
[17:46:05] HTTP Request: GET https://huggingface.co/api/models/docling-project/docling-layout-heron/revision/main "HTTP/1.1 200 OK"
[17:46:05] HTTP Request: GET https://huggingface.co/api/models/docling-project/docling-models/revision/v2.3.0 "HTTP/1.1 200 OK"
[17:46:21] Parse complete (29.9s)
[17:46:21] Rasterizing pages at 200 DPI
[17:46:22] Rasterization complete (1.2s) — wrote 8 PNGs
[17:46:22] Stage 01 done (31.1s total)
[17:46:23] Stage 02 starting
[17:46:23] Walking Docling AST
[17:46:23] Cropped 4 figures
[17:46:24] Cropped 30 equations
[17:46:24] Wrote 30 equations, 4 figures, 0 tables, 33 references
[17:46:24] Wrote paper.md (41.7 KB)
[17:46:24] Stage 02 done (1.1s total)
[17:46:24] Stage 03 starting
[17:46:24] Wrote context-packet.json (26.8 KB)
[17:46:24] Wrote MANIFEST.md
[17:46:24] Wrote quality-report.json
[17:46:24] Stage 03 done (0.0s total)
