[17:05:20] Stage 01 starting
[17:05:20] Config: formula_enrichment=true, code_enrichment=false, ocr=false, dpi=200
[17:05:20] Loading Docling
[17:05:20] Loading complete (0.0s)
[17:05:20] Parsing Foffano et al. - 2023 - Conformal Off-Policy Evaluation in Markov Decision Processes.pdf
[17:06:13] HTTP Request: GET https://huggingface.co/api/models/docling-project/docling-layout-heron/revision/main "HTTP/1.1 200 OK"
[17:06:14] HTTP Request: GET https://huggingface.co/api/models/docling-project/docling-models/revision/v2.3.0 "HTTP/1.1 200 OK"
[17:06:16] HTTP Request: GET https://huggingface.co/api/models/docling-project/CodeFormulaV2/revision/main "HTTP/1.1 200 OK"
[17:06:16] HTTP Request: HEAD https://huggingface.co/docling-project/CodeFormulaV2/resolve/ecedbe111d15c2dc60bfd4a823cbe80127b58af4/.gitattributes "HTTP/1.1 307 Temporary Redirect"
[17:06:16] Warning: You are sending unauthenticated requests to the HF Hub. Please set a HF_TOKEN to enable higher rate limits and faster downloads.
[17:06:16] HTTP Request: HEAD https://huggingface.co/api/resolve-cache/models/docling-project/CodeFormulaV2/ecedbe111d15c2dc60bfd4a823cbe80127b58af4/.gitattributes "HTTP/1.1 200 OK"
[17:06:16] HTTP Request: HEAD https://huggingface.co/docling-project/CodeFormulaV2/resolve/ecedbe111d15c2dc60bfd4a823cbe80127b58af4/config.json "HTTP/1.1 307 Temporary Redirect"
[17:06:16] HTTP Request: HEAD https://huggingface.co/docling-project/CodeFormulaV2/resolve/ecedbe111d15c2dc60bfd4a823cbe80127b58af4/added_tokens.json "HTTP/1.1 307 Temporary Redirect"
[17:06:16] HTTP Request: HEAD https://huggingface.co/docling-project/CodeFormulaV2/resolve/ecedbe111d15c2dc60bfd4a823cbe80127b58af4/chat_template.json "HTTP/1.1 307 Temporary Redirect"
[17:06:16] HTTP Request: HEAD https://huggingface.co/docling-project/CodeFormulaV2/resolve/ecedbe111d15c2dc60bfd4a823cbe80127b58af4/README.md "HTTP/1.1 307 Temporary Redirect"
[17:06:16] HTTP Request: HEAD https://huggingface.co/docling-project/CodeFormulaV2/resolve/ecedbe111d15c2dc60bfd4a823cbe80127b58af4/generation_config.json "HTTP/1.1 307 Temporary Redirect"
[17:06:16] HTTP Request: HEAD https://huggingface.co/docling-project/CodeFormulaV2/resolve/ecedbe111d15c2dc60bfd4a823cbe80127b58af4/model.safetensors "HTTP/1.1 302 Found"
[17:06:16] HTTP Request: HEAD https://huggingface.co/docling-project/CodeFormulaV2/resolve/ecedbe111d15c2dc60bfd4a823cbe80127b58af4/preprocessor_config.json "HTTP/1.1 307 Temporary Redirect"
[17:06:16] HTTP Request: HEAD https://huggingface.co/api/resolve-cache/models/docling-project/CodeFormulaV2/ecedbe111d15c2dc60bfd4a823cbe80127b58af4/config.json "HTTP/1.1 200 OK"
[17:06:16] HTTP Request: HEAD https://huggingface.co/api/resolve-cache/models/docling-project/CodeFormulaV2/ecedbe111d15c2dc60bfd4a823cbe80127b58af4/added_tokens.json "HTTP/1.1 200 OK"
[17:06:16] HTTP Request: HEAD https://huggingface.co/api/resolve-cache/models/docling-project/CodeFormulaV2/ecedbe111d15c2dc60bfd4a823cbe80127b58af4/chat_template.json "HTTP/1.1 200 OK"
[17:06:16] HTTP Request: HEAD https://huggingface.co/api/resolve-cache/models/docling-project/CodeFormulaV2/ecedbe111d15c2dc60bfd4a823cbe80127b58af4/README.md "HTTP/1.1 200 OK"
[17:06:16] HTTP Request: HEAD https://huggingface.co/api/resolve-cache/models/docling-project/CodeFormulaV2/ecedbe111d15c2dc60bfd4a823cbe80127b58af4/generation_config.json "HTTP/1.1 200 OK"
[17:06:16] HTTP Request: HEAD https://huggingface.co/api/resolve-cache/models/docling-project/CodeFormulaV2/ecedbe111d15c2dc60bfd4a823cbe80127b58af4/preprocessor_config.json "HTTP/1.1 200 OK"
[17:06:16] HTTP Request: GET https://huggingface.co/api/resolve-cache/models/docling-project/CodeFormulaV2/ecedbe111d15c2dc60bfd4a823cbe80127b58af4/config.json "HTTP/1.1 200 OK"
[17:06:16] HTTP Request: GET https://huggingface.co/api/resolve-cache/models/docling-project/CodeFormulaV2/ecedbe111d15c2dc60bfd4a823cbe80127b58af4/.gitattributes "HTTP/1.1 200 OK"
[17:06:16] HTTP Request: GET https://huggingface.co/api/resolve-cache/models/docling-project/CodeFormulaV2/ecedbe111d15c2dc60bfd4a823cbe80127b58af4/generation_config.json "HTTP/1.1 200 OK"
[17:06:16] HTTP Request: GET https://huggingface.co/api/resolve-cache/models/docling-project/CodeFormulaV2/ecedbe111d15c2dc60bfd4a823cbe80127b58af4/chat_template.json "HTTP/1.1 200 OK"
[17:06:16] HTTP Request: GET https://huggingface.co/api/resolve-cache/models/docling-project/CodeFormulaV2/ecedbe111d15c2dc60bfd4a823cbe80127b58af4/added_tokens.json "HTTP/1.1 200 OK"
[17:06:16] HTTP Request: GET https://huggingface.co/api/resolve-cache/models/docling-project/CodeFormulaV2/ecedbe111d15c2dc60bfd4a823cbe80127b58af4/README.md "HTTP/1.1 200 OK"
[17:06:16] HTTP Request: GET https://huggingface.co/api/resolve-cache/models/docling-project/CodeFormulaV2/ecedbe111d15c2dc60bfd4a823cbe80127b58af4/preprocessor_config.json "HTTP/1.1 200 OK"
[17:06:16] HTTP Request: GET https://huggingface.co/api/models/docling-project/CodeFormulaV2/xet-read-token/ecedbe111d15c2dc60bfd4a823cbe80127b58af4 "HTTP/1.1 200 OK"
[17:06:16] HTTP Request: HEAD https://huggingface.co/docling-project/CodeFormulaV2/resolve/ecedbe111d15c2dc60bfd4a823cbe80127b58af4/processor_config.json "HTTP/1.1 307 Temporary Redirect"
[17:06:16] HTTP Request: HEAD https://huggingface.co/docling-project/CodeFormulaV2/resolve/ecedbe111d15c2dc60bfd4a823cbe80127b58af4/special_tokens_map.json "HTTP/1.1 307 Temporary Redirect"
[17:06:16] HTTP Request: HEAD https://huggingface.co/docling-project/CodeFormulaV2/resolve/ecedbe111d15c2dc60bfd4a823cbe80127b58af4/tokenizer_config.json "HTTP/1.1 307 Temporary Redirect"
[17:06:16] HTTP Request: HEAD https://huggingface.co/api/resolve-cache/models/docling-project/CodeFormulaV2/ecedbe111d15c2dc60bfd4a823cbe80127b58af4/processor_config.json "HTTP/1.1 200 OK"
[17:06:16] HTTP Request: HEAD https://huggingface.co/docling-project/CodeFormulaV2/resolve/ecedbe111d15c2dc60bfd4a823cbe80127b58af4/tokenizer.json "HTTP/1.1 307 Temporary Redirect"
[17:06:16] HTTP Request: HEAD https://huggingface.co/api/resolve-cache/models/docling-project/CodeFormulaV2/ecedbe111d15c2dc60bfd4a823cbe80127b58af4/special_tokens_map.json "HTTP/1.1 200 OK"
[17:06:16] HTTP Request: HEAD https://huggingface.co/api/resolve-cache/models/docling-project/CodeFormulaV2/ecedbe111d15c2dc60bfd4a823cbe80127b58af4/tokenizer_config.json "HTTP/1.1 200 OK"
[17:06:16] HTTP Request: HEAD https://huggingface.co/api/resolve-cache/models/docling-project/CodeFormulaV2/ecedbe111d15c2dc60bfd4a823cbe80127b58af4/tokenizer.json "HTTP/1.1 200 OK"
[17:06:16] HTTP Request: HEAD https://huggingface.co/docling-project/CodeFormulaV2/resolve/ecedbe111d15c2dc60bfd4a823cbe80127b58af4/vocab.json "HTTP/1.1 307 Temporary Redirect"
[17:06:16] HTTP Request: HEAD https://huggingface.co/api/resolve-cache/models/docling-project/CodeFormulaV2/ecedbe111d15c2dc60bfd4a823cbe80127b58af4/vocab.json "HTTP/1.1 200 OK"
[17:06:16] HTTP Request: GET https://huggingface.co/api/resolve-cache/models/docling-project/CodeFormulaV2/ecedbe111d15c2dc60bfd4a823cbe80127b58af4/processor_config.json "HTTP/1.1 200 OK"
[17:06:16] HTTP Request: GET https://huggingface.co/api/resolve-cache/models/docling-project/CodeFormulaV2/ecedbe111d15c2dc60bfd4a823cbe80127b58af4/tokenizer_config.json "HTTP/1.1 200 OK"
[17:06:16] HTTP Request: GET https://huggingface.co/api/resolve-cache/models/docling-project/CodeFormulaV2/ecedbe111d15c2dc60bfd4a823cbe80127b58af4/special_tokens_map.json "HTTP/1.1 200 OK"
[17:06:16] HTTP Request: GET https://huggingface.co/api/resolve-cache/models/docling-project/CodeFormulaV2/ecedbe111d15c2dc60bfd4a823cbe80127b58af4/tokenizer.json "HTTP/1.1 200 OK"
[17:06:16] HTTP Request: GET https://huggingface.co/api/resolve-cache/models/docling-project/CodeFormulaV2/ecedbe111d15c2dc60bfd4a823cbe80127b58af4/vocab.json "HTTP/1.1 200 OK"
[18:47:28] Parse complete (6128.5s)
[18:47:28] Rasterizing pages at 200 DPI
[10:55:49] Stage 01 starting
[10:55:49] Config: formula_enrichment=true, code_enrichment=false, ocr=false, dpi=200
[10:55:49] Loading Docling
[10:55:49] Loading complete (0.0s)
[10:55:49] Parsing Foffano et al. - 2023 - Conformal Off-Policy Evaluation in Markov Decision Processes.pdf
[10:59:22] HTTP Request: GET https://huggingface.co/api/models/docling-project/docling-layout-heron/revision/main "HTTP/1.1 200 OK"
[10:59:26] HTTP Request: GET https://huggingface.co/api/models/docling-project/docling-models/revision/v2.3.0 "HTTP/1.1 200 OK"
[10:59:33] HTTP Request: GET https://huggingface.co/api/models/docling-project/CodeFormulaV2/revision/main "HTTP/1.1 200 OK"
[13:17:55] Parse complete (8526.4s)
[13:17:55] Rasterizing pages at 200 DPI
[13:17:56] Rasterization complete (1.4s) — wrote 8 PNGs
[13:17:56] Stage 01 done (8527.9s total)
[13:18:29] Stage 02 starting
[13:18:29] Walking Docling AST
[13:18:30] Cropped 4 figures
[13:18:32] Cropped 30 equations
[13:18:32] Wrote 30 equations, 4 figures, 0 tables, 33 references
[13:18:32] Wrote paper.md (58.7 KB)
[13:18:32] Stage 02 done (3.2s total)
[13:18:33] Stage 03 starting
[13:18:33] Wrote context-packet.json (48.1 KB)
[13:18:33] Wrote MANIFEST.md
[13:18:33] Wrote quality-report.json
[13:18:33] Stage 03 done (0.1s total)
