[16:42:06] Stage 01 starting
[16:42:06] Config: formula_enrichment=false, code_enrichment=false, ocr=false, dpi=200
[16:51:09] Stage 01 starting
[16:51:09] Config: formula_enrichment=false, code_enrichment=false, ocr=false, dpi=200
[16:51:09] Loading Docling
[16:51:09] Loading complete (0.0s)
[16:51:09] Parsing Cortes-Gomez et al. - 2025 - Utility-Directed Conformal Prediction A Decision-Aware Framework for Actionable Uncertainty Quantif.pdf
[16:51:55] HTTP Request: GET https://huggingface.co/api/models/docling-project/docling-layout-heron/revision/main "HTTP/1.1 200 OK"
[16:51:56] HTTP Request: GET https://huggingface.co/api/models/docling-project/docling-models/revision/v2.3.0 "HTTP/1.1 200 OK"
[16:54:37] Parse complete (208.3s)
[16:54:37] Rasterizing pages at 200 DPI
[16:54:40] Rasterization complete (2.3s) — wrote 21 PNGs
[16:54:40] Stage 01 done (210.8s total)
[16:54:45] Stage 02 starting
[16:54:45] Walking Docling AST
[16:54:47] Wrote 14 equations, 8 figures, 14 tables, 10 references
[16:54:47] Wrote paper.md (70.9 KB)
[16:54:47] Stage 02 done (2.1s total)
[16:54:48] Stage 03 starting
[16:54:48] Wrote context-packet.json (20.5 KB)
[16:54:48] Wrote MANIFEST.md
[16:54:48] Wrote quality-report.json
[16:54:48] Stage 03 done (0.1s total)
