[16:41:32] Stage 01 starting
[16:41:32] Config: formula_enrichment=true, code_enrichment=false, ocr=false, dpi=200
[16:42:43] Stage 01 starting
[16:42:43] Config: formula_enrichment=true, code_enrichment=false, ocr=false, dpi=200
[16:42:43] Loading Docling
[16:42:43] Loading complete (0.0s)
[16:42:43] Parsing Nikishin et al. - 2022 - Control-Oriented Model-Based Reinforcement Learning with Implicit Differentiation.pdf
[16:43:13] HTTP Request: GET https://huggingface.co/api/models/docling-project/docling-layout-heron/revision/main "HTTP/1.1 200 OK"
[16:43:14] HTTP Request: GET https://huggingface.co/api/models/docling-project/docling-models/revision/v2.3.0 "HTTP/1.1 200 OK"
[16:43:15] HTTP Request: GET https://huggingface.co/api/models/docling-project/CodeFormulaV2/revision/main "HTTP/1.1 200 OK"
[17:17:30] Parse complete (2087.2s)
[17:17:30] Rasterizing pages at 200 DPI
[17:17:31] Rasterization complete (1.1s) — wrote 9 PNGs
[17:17:31] Stage 01 done (2088.4s total)
[17:17:59] Stage 02 starting
[17:17:59] Walking Docling AST
[17:18:00] Cropped 7 figures
[17:18:00] Cropped 19 equations
[17:18:00] Wrote 19 equations, 7 figures, 1 tables, 0 references
[17:18:00] Wrote paper.md (43.7 KB)
[17:18:00] Stage 02 done (1.1s total)
[17:18:01] Stage 03 starting
[17:18:01] Wrote context-packet.json (17.3 KB)
[17:18:01] Wrote MANIFEST.md
[17:18:01] Wrote quality-report.json
[17:18:01] Stage 03 done (0.1s total)
